Start testing: Mar 17 11:44 UTC
----------------------------------------------------------
1/1 Testing: FlexiStack_Logic_Test
1/1 Test: FlexiStack_Logic_Test
Command: "/mnt/e/GitHub/FLEXISTACK_CICD_TESTER/FLEXISTACK_CICD_TESTER/build/run_flexi_tests"
Directory: /mnt/e/GitHub/FLEXISTACK_CICD_TESTER/FLEXISTACK_CICD_TESTER/build
"FlexiStack_Logic_Test" start time: Mar 17 11:44 UTC
Output:
----------------------------------------------------------
/mnt/e/GitHub/FLEXISTACK_CICD_TESTER/FLEXISTACK_CICD_TESTER/tests/main.c:12:test_MultipleDataTypeIntegration:PASS
/mnt/e/GitHub/FLEXISTACK_CICD_TESTER/FLEXISTACK_CICD_TESTER/tests/main.c:13:test_StringStack_DeepCopy:PASS
/mnt/e/GitHub/FLEXISTACK_CICD_TESTER/FLEXISTACK_CICD_TESTER/tests/main.c:14:test_Stack_Resize_Shrink_Cleanup:PASS

-----------------------
3 Tests 0 Failures 0 Ignored 
OK
<end of output>
Test time =   0.00 sec
----------------------------------------------------------
Test Passed.
"FlexiStack_Logic_Test" end time: Mar 17 11:44 UTC
"FlexiStack_Logic_Test" time elapsed: 00:00:00
----------------------------------------------------------

End testing: Mar 17 11:44 UTC
